<?xml version="1.0" encoding="UTF-8"?>
<!-- Generated by org.testng.reporters.JUnitXMLReporter -->
<testsuite hostname="Mi-Notebook-Pro" ignored="0" name="Test" tests="2" failures="1" timestamp="07 Sep 2022 11:58:25 GMT" time="0.151" errors="0">
  <testcase name="@BeforeSuite setUp" time="0.008" classname="com.test.LoginTest">
    <failure type="java.io.FileNotFoundException" message="C:\Users\donga\jbk_OJT_Selenium advance\HybridFrameworksrc\main\resources\config.properties (The system cannot find the path specified)">
      <![CDATA[java.io.FileNotFoundException: C:\Users\donga\jbk_OJT_Selenium advance\HybridFrameworksrc\main\resources\config.properties (The system cannot find the path specified)
at java.io.FileInputStream.open0(Native Method)
at java.io.FileInputStream.open(FileInputStream.java:195)
at java.io.FileInputStream.<init>(FileInputStream.java:138)
at java.io.FileInputStream.<init>(FileInputStream.java:93)
at com.utils.PropertyUtils.readProperty(PropertyUtils.java:11)
at com.base.BaseClass.initialization(BaseClass.java:23)
at com.test.LoginTest.setUp(LoginTest.java:14)
... Removed 20 stack frames]]>
    </failure>
  </testcase> <!-- @BeforeSuite setUp -->
  <testcase name="loginToApplication" time="0.0" classname="com.test.LoginTest">
    <skipped/>
  </testcase> <!-- loginToApplication -->
  <testcase name="loginToApplication" time="0.005" classname="com.test.LoginTest">
    <failure type="java.lang.NullPointerException">
      <![CDATA[java.lang.NullPointerException
at com.listener.MyListener.onTestSkipped(MyListener.java:31)
... Removed 23 stack frames]]>
    </failure>
  </testcase> <!-- loginToApplication -->
</testsuite> <!-- Test -->
